{"C:\\Users\\victor.ezaki\\Documents\\trabalho_final_frontend\\backend\\src\\config\\auth.js": {"path":"C:\\Users\\victor.ezaki\\Documents\\trabalho_final_frontend\\backend\\src\\config\\auth.js","statementMap":{"0":{"start":{"line":1,"column":0},"end":{"line":1,"column":27}},"1":{"start":{"line":3,"column":0},"end":{"line":8,"column":2}}},"fnMap":{},"branchMap":{"0":{"loc":{"start":{"line":5,"column":16},"end":{"line":5,"column":50}},"type":"binary-expr","locations":[{"start":{"line":5,"column":16},"end":{"line":5,"column":38}},{"start":{"line":5,"column":42},"end":{"line":5,"column":50}}],"line":5},"1":{"loc":{"start":{"line":6,"column":19},"end":{"line":6,"column":53}},"type":"binary-expr","locations":[{"start":{"line":6,"column":19},"end":{"line":6,"column":45}},{"start":{"line":6,"column":49},"end":{"line":6,"column":53}}],"line":6}},"s":{"0":1,"1":1},"f":{},"b":{"0":[1,1],"1":[1,1]},"_coverageSchema":"1a1c01bbd47fc00a2c39e90264f33305004495a9","hash":"b62413a8abd74e6543bbe02013e2ab0719b5f7a6"}
,"C:\\Users\\victor.ezaki\\Documents\\trabalho_final_frontend\\backend\\src\\controllers\\user.js": {"path":"C:\\Users\\victor.ezaki\\Documents\\trabalho_final_frontend\\backend\\src\\controllers\\user.js","statementMap":{"0":{"start":{"line":1,"column":18},"end":{"line":1,"column":43}},"1":{"start":{"line":2,"column":12},"end":{"line":2,"column":35}},"2":{"start":{"line":3,"column":15},"end":{"line":3,"column":32}},"3":{"start":{"line":4,"column":19},"end":{"line":4,"column":44}},"4":{"start":{"line":5,"column":18},"end":{"line":5,"column":48}},"5":{"start":{"line":12,"column":25},"end":{"line":12,"column":48}},"6":{"start":{"line":14,"column":8},"end":{"line":18,"column":10}},"7":{"start":{"line":22,"column":22},"end":{"line":22,"column":79}},"8":{"start":{"line":22,"column":63},"end":{"line":22,"column":78}},"9":{"start":{"line":24,"column":8},"end":{"line":26,"column":9}},"10":{"start":{"line":25,"column":12},"end":{"line":25,"column":76}},"11":{"start":{"line":28,"column":8},"end":{"line":28,"column":21}},"12":{"start":{"line":32,"column":8},"end":{"line":34,"column":9}},"13":{"start":{"line":33,"column":12},"end":{"line":33,"column":70}},"14":{"start":{"line":36,"column":8},"end":{"line":38,"column":9}},"15":{"start":{"line":37,"column":12},"end":{"line":37,"column":70}},"16":{"start":{"line":40,"column":8},"end":{"line":42,"column":9}},"17":{"start":{"line":41,"column":12},"end":{"line":41,"column":69}},"18":{"start":{"line":44,"column":8},"end":{"line":46,"column":9}},"19":{"start":{"line":45,"column":12},"end":{"line":45,"column":84}},"20":{"start":{"line":48,"column":8},"end":{"line":50,"column":9}},"21":{"start":{"line":49,"column":12},"end":{"line":49,"column":101}},"22":{"start":{"line":52,"column":27},"end":{"line":52,"column":64}},"23":{"start":{"line":53,"column":8},"end":{"line":55,"column":9}},"24":{"start":{"line":54,"column":12},"end":{"line":54,"column":88}},"25":{"start":{"line":57,"column":29},"end":{"line":57,"column":60}},"26":{"start":{"line":59,"column":21},"end":{"line":59,"column":87}},"27":{"start":{"line":61,"column":25},"end":{"line":61,"column":38}},"28":{"start":{"line":63,"column":8},"end":{"line":63,"column":34}},"29":{"start":{"line":67,"column":8},"end":{"line":69,"column":9}},"30":{"start":{"line":68,"column":12},"end":{"line":68,"column":72}},"31":{"start":{"line":71,"column":21},"end":{"line":71,"column":58}},"32":{"start":{"line":72,"column":8},"end":{"line":74,"column":9}},"33":{"start":{"line":73,"column":12},"end":{"line":73,"column":63}},"34":{"start":{"line":76,"column":24},"end":{"line":76,"column":69}},"35":{"start":{"line":77,"column":8},"end":{"line":79,"column":9}},"36":{"start":{"line":78,"column":12},"end":{"line":78,"column":63}},"37":{"start":{"line":81,"column":22},"end":{"line":85,"column":9}},"38":{"start":{"line":87,"column":8},"end":{"line":90,"column":10}},"39":{"start":{"line":94,"column":21},"end":{"line":94,"column":52}},"40":{"start":{"line":96,"column":8},"end":{"line":98,"column":9}},"41":{"start":{"line":97,"column":12},"end":{"line":97,"column":67}},"42":{"start":{"line":100,"column":8},"end":{"line":100,"column":34}},"43":{"start":{"line":104,"column":8},"end":{"line":106,"column":9}},"44":{"start":{"line":105,"column":12},"end":{"line":105,"column":70}},"45":{"start":{"line":108,"column":8},"end":{"line":110,"column":9}},"46":{"start":{"line":109,"column":12},"end":{"line":109,"column":70}},"47":{"start":{"line":112,"column":8},"end":{"line":114,"column":9}},"48":{"start":{"line":113,"column":12},"end":{"line":113,"column":69}},"49":{"start":{"line":116,"column":8},"end":{"line":118,"column":9}},"50":{"start":{"line":117,"column":12},"end":{"line":117,"column":84}},"51":{"start":{"line":120,"column":8},"end":{"line":122,"column":9}},"52":{"start":{"line":121,"column":12},"end":{"line":121,"column":101}},"53":{"start":{"line":124,"column":27},"end":{"line":124,"column":66}},"54":{"start":{"line":125,"column":8},"end":{"line":127,"column":9}},"55":{"start":{"line":126,"column":12},"end":{"line":126,"column":64}},"56":{"start":{"line":129,"column":28},"end":{"line":129,"column":65}},"57":{"start":{"line":130,"column":8},"end":{"line":132,"column":9}},"58":{"start":{"line":131,"column":12},"end":{"line":131,"column":88}},"59":{"start":{"line":134,"column":29},"end":{"line":134,"column":60}},"60":{"start":{"line":135,"column":21},"end":{"line":135,"column":91}},"61":{"start":{"line":137,"column":8},"end":{"line":137,"column":34}},"62":{"start":{"line":142,"column":8},"end":{"line":144,"column":9}},"63":{"start":{"line":143,"column":12},"end":{"line":143,"column":58}},"64":{"start":{"line":147,"column":8},"end":{"line":149,"column":9}},"65":{"start":{"line":148,"column":12},"end":{"line":148,"column":69}},"66":{"start":{"line":151,"column":21},"end":{"line":151,"column":60}},"67":{"start":{"line":152,"column":8},"end":{"line":154,"column":9}},"68":{"start":{"line":153,"column":12},"end":{"line":153,"column":64}},"69":{"start":{"line":156,"column":8},"end":{"line":156,"column":59}},"70":{"start":{"line":160,"column":0},"end":{"line":160,"column":38}}},"fnMap":{"0":{"name":"(anonymous_0)","decl":{"start":{"line":8,"column":4},"end":{"line":8,"column":5}},"loc":{"start":{"line":8,"column":18},"end":{"line":9,"column":5}},"line":8},"1":{"name":"(anonymous_1)","decl":{"start":{"line":11,"column":4},"end":{"line":11,"column":5}},"loc":{"start":{"line":11,"column":18},"end":{"line":19,"column":5}},"line":11},"2":{"name":"(anonymous_2)","decl":{"start":{"line":21,"column":4},"end":{"line":21,"column":5}},"loc":{"start":{"line":21,"column":19},"end":{"line":29,"column":5}},"line":21},"3":{"name":"(anonymous_3)","decl":{"start":{"line":22,"column":58},"end":{"line":22,"column":59}},"loc":{"start":{"line":22,"column":63},"end":{"line":22,"column":78}},"line":22},"4":{"name":"(anonymous_4)","decl":{"start":{"line":31,"column":4},"end":{"line":31,"column":5}},"loc":{"start":{"line":31,"column":53},"end":{"line":64,"column":5}},"line":31},"5":{"name":"(anonymous_5)","decl":{"start":{"line":66,"column":4},"end":{"line":66,"column":5}},"loc":{"start":{"line":66,"column":33},"end":{"line":91,"column":5}},"line":66},"6":{"name":"(anonymous_6)","decl":{"start":{"line":93,"column":4},"end":{"line":93,"column":5}},"loc":{"start":{"line":93,"column":22},"end":{"line":101,"column":5}},"line":93},"7":{"name":"(anonymous_7)","decl":{"start":{"line":103,"column":4},"end":{"line":103,"column":5}},"loc":{"start":{"line":103,"column":57},"end":{"line":138,"column":5}},"line":103},"8":{"name":"(anonymous_8)","decl":{"start":{"line":140,"column":4},"end":{"line":140,"column":5}},"loc":{"start":{"line":140,"column":34},"end":{"line":157,"column":5}},"line":140}},"branchMap":{"0":{"loc":{"start":{"line":12,"column":25},"end":{"line":12,"column":48}},"type":"binary-expr","locations":[{"start":{"line":12,"column":25},"end":{"line":12,"column":40}},{"start":{"line":12,"column":44},"end":{"line":12,"column":48}}],"line":12},"1":{"loc":{"start":{"line":24,"column":8},"end":{"line":26,"column":9}},"type":"if","locations":[{"start":{"line":24,"column":8},"end":{"line":26,"column":9}},{"start":{},"end":{}}],"line":24},"2":{"loc":{"start":{"line":32,"column":8},"end":{"line":34,"column":9}},"type":"if","locations":[{"start":{"line":32,"column":8},"end":{"line":34,"column":9}},{"start":{},"end":{}}],"line":32},"3":{"loc":{"start":{"line":36,"column":8},"end":{"line":38,"column":9}},"type":"if","locations":[{"start":{"line":36,"column":8},"end":{"line":38,"column":9}},{"start":{},"end":{}}],"line":36},"4":{"loc":{"start":{"line":40,"column":8},"end":{"line":42,"column":9}},"type":"if","locations":[{"start":{"line":40,"column":8},"end":{"line":42,"column":9}},{"start":{},"end":{}}],"line":40},"5":{"loc":{"start":{"line":44,"column":8},"end":{"line":46,"column":9}},"type":"if","locations":[{"start":{"line":44,"column":8},"end":{"line":46,"column":9}},{"start":{},"end":{}}],"line":44},"6":{"loc":{"start":{"line":48,"column":8},"end":{"line":50,"column":9}},"type":"if","locations":[{"start":{"line":48,"column":8},"end":{"line":50,"column":9}},{"start":{},"end":{}}],"line":48},"7":{"loc":{"start":{"line":48,"column":12},"end":{"line":48,"column":52}},"type":"binary-expr","locations":[{"start":{"line":48,"column":12},"end":{"line":48,"column":28}},{"start":{"line":48,"column":32},"end":{"line":48,"column":52}}],"line":48},"8":{"loc":{"start":{"line":53,"column":8},"end":{"line":55,"column":9}},"type":"if","locations":[{"start":{"line":53,"column":8},"end":{"line":55,"column":9}},{"start":{},"end":{}}],"line":53},"9":{"loc":{"start":{"line":67,"column":8},"end":{"line":69,"column":9}},"type":"if","locations":[{"start":{"line":67,"column":8},"end":{"line":69,"column":9}},{"start":{},"end":{}}],"line":67},"10":{"loc":{"start":{"line":67,"column":12},"end":{"line":67,"column":31}},"type":"binary-expr","locations":[{"start":{"line":67,"column":12},"end":{"line":67,"column":18}},{"start":{"line":67,"column":22},"end":{"line":67,"column":31}}],"line":67},"11":{"loc":{"start":{"line":72,"column":8},"end":{"line":74,"column":9}},"type":"if","locations":[{"start":{"line":72,"column":8},"end":{"line":74,"column":9}},{"start":{},"end":{}}],"line":72},"12":{"loc":{"start":{"line":77,"column":8},"end":{"line":79,"column":9}},"type":"if","locations":[{"start":{"line":77,"column":8},"end":{"line":79,"column":9}},{"start":{},"end":{}}],"line":77},"13":{"loc":{"start":{"line":96,"column":8},"end":{"line":98,"column":9}},"type":"if","locations":[{"start":{"line":96,"column":8},"end":{"line":98,"column":9}},{"start":{},"end":{}}],"line":96},"14":{"loc":{"start":{"line":104,"column":8},"end":{"line":106,"column":9}},"type":"if","locations":[{"start":{"line":104,"column":8},"end":{"line":106,"column":9}},{"start":{},"end":{}}],"line":104},"15":{"loc":{"start":{"line":108,"column":8},"end":{"line":110,"column":9}},"type":"if","locations":[{"start":{"line":108,"column":8},"end":{"line":110,"column":9}},{"start":{},"end":{}}],"line":108},"16":{"loc":{"start":{"line":112,"column":8},"end":{"line":114,"column":9}},"type":"if","locations":[{"start":{"line":112,"column":8},"end":{"line":114,"column":9}},{"start":{},"end":{}}],"line":112},"17":{"loc":{"start":{"line":116,"column":8},"end":{"line":118,"column":9}},"type":"if","locations":[{"start":{"line":116,"column":8},"end":{"line":118,"column":9}},{"start":{},"end":{}}],"line":116},"18":{"loc":{"start":{"line":120,"column":8},"end":{"line":122,"column":9}},"type":"if","locations":[{"start":{"line":120,"column":8},"end":{"line":122,"column":9}},{"start":{},"end":{}}],"line":120},"19":{"loc":{"start":{"line":120,"column":12},"end":{"line":120,"column":52}},"type":"binary-expr","locations":[{"start":{"line":120,"column":12},"end":{"line":120,"column":28}},{"start":{"line":120,"column":32},"end":{"line":120,"column":52}}],"line":120},"20":{"loc":{"start":{"line":125,"column":8},"end":{"line":127,"column":9}},"type":"if","locations":[{"start":{"line":125,"column":8},"end":{"line":127,"column":9}},{"start":{},"end":{}}],"line":125},"21":{"loc":{"start":{"line":130,"column":8},"end":{"line":132,"column":9}},"type":"if","locations":[{"start":{"line":130,"column":8},"end":{"line":132,"column":9}},{"start":{},"end":{}}],"line":130},"22":{"loc":{"start":{"line":130,"column":12},"end":{"line":130,"column":56}},"type":"binary-expr","locations":[{"start":{"line":130,"column":12},"end":{"line":130,"column":23}},{"start":{"line":130,"column":27},"end":{"line":130,"column":56}}],"line":130},"23":{"loc":{"start":{"line":142,"column":8},"end":{"line":144,"column":9}},"type":"if","locations":[{"start":{"line":142,"column":8},"end":{"line":144,"column":9}},{"start":{},"end":{}}],"line":142},"24":{"loc":{"start":{"line":147,"column":8},"end":{"line":149,"column":9}},"type":"if","locations":[{"start":{"line":147,"column":8},"end":{"line":149,"column":9}},{"start":{},"end":{}}],"line":147},"25":{"loc":{"start":{"line":152,"column":8},"end":{"line":154,"column":9}},"type":"if","locations":[{"start":{"line":152,"column":8},"end":{"line":154,"column":9}},{"start":{},"end":{}}],"line":152}},"s":{"0":1,"1":1,"2":1,"3":1,"4":1,"5":3,"6":3,"7":0,"8":0,"9":0,"10":0,"11":0,"12":1,"13":0,"14":1,"15":0,"16":1,"17":0,"18":1,"19":0,"20":1,"21":0,"22":1,"23":1,"24":0,"25":1,"26":1,"27":1,"28":1,"29":0,"30":0,"31":0,"32":0,"33":0,"34":0,"35":0,"36":0,"37":0,"38":0,"39":1,"40":1,"41":0,"42":1,"43":1,"44":0,"45":1,"46":0,"47":1,"48":0,"49":1,"50":0,"51":1,"52":0,"53":1,"54":1,"55":0,"56":1,"57":1,"58":0,"59":1,"60":1,"61":1,"62":1,"63":0,"64":1,"65":0,"66":1,"67":1,"68":0,"69":1,"70":1},"f":{"0":1,"1":3,"2":0,"3":0,"4":1,"5":0,"6":1,"7":1,"8":1},"b":{"0":[3,0],"1":[0,0],"2":[0,1],"3":[0,1],"4":[0,1],"5":[0,1],"6":[0,1],"7":[1,1],"8":[0,1],"9":[0,0],"10":[0,0],"11":[0,0],"12":[0,0],"13":[0,1],"14":[0,1],"15":[0,1],"16":[0,1],"17":[0,1],"18":[0,1],"19":[1,1],"20":[0,1],"21":[0,1],"22":[1,0],"23":[0,1],"24":[0,1],"25":[0,1]},"_coverageSchema":"1a1c01bbd47fc00a2c39e90264f33305004495a9","hash":"70e3f98a0c285b94ec37c01754be5538a9cebec1"}
,"C:\\Users\\victor.ezaki\\Documents\\trabalho_final_frontend\\backend\\src\\errors\\HttpError.js": {"path":"C:\\Users\\victor.ezaki\\Documents\\trabalho_final_frontend\\backend\\src\\errors\\HttpError.js","statementMap":{"0":{"start":{"line":3,"column":8},"end":{"line":3,"column":23}},"1":{"start":{"line":4,"column":8},"end":{"line":4,"column":29}},"2":{"start":{"line":8,"column":0},"end":{"line":8,"column":27}}},"fnMap":{"0":{"name":"(anonymous_0)","decl":{"start":{"line":2,"column":4},"end":{"line":2,"column":5}},"loc":{"start":{"line":2,"column":33},"end":{"line":5,"column":5}},"line":2}},"branchMap":{},"s":{"0":0,"1":0,"2":1},"f":{"0":0},"b":{},"_coverageSchema":"1a1c01bbd47fc00a2c39e90264f33305004495a9","hash":"e92cd732c5bb2b770df4e648519b71cf492c14f3"}
,"C:\\Users\\victor.ezaki\\Documents\\trabalho_final_frontend\\backend\\src\\models\\database.js": {"path":"C:\\Users\\victor.ezaki\\Documents\\trabalho_final_frontend\\backend\\src\\models\\database.js","statementMap":{"0":{"start":{"line":1,"column":0},"end":{"line":1,"column":27}},"1":{"start":{"line":3,"column":22},"end":{"line":3,"column":42}},"2":{"start":{"line":5,"column":18},"end":{"line":14,"column":1}},"3":{"start":{"line":16,"column":0},"end":{"line":16,"column":27}}},"fnMap":{},"branchMap":{},"s":{"0":1,"1":1,"2":1,"3":1},"f":{},"b":{},"_coverageSchema":"1a1c01bbd47fc00a2c39e90264f33305004495a9","hash":"28bfd972ecbb2176a781f3d6cda2c1874f6a1978"}
,"C:\\Users\\victor.ezaki\\Documents\\trabalho_final_frontend\\backend\\src\\models\\user.js": {"path":"C:\\Users\\victor.ezaki\\Documents\\trabalho_final_frontend\\backend\\src\\models\\user.js","statementMap":{"0":{"start":{"line":1,"column":22},"end":{"line":1,"column":42}},"1":{"start":{"line":2,"column":18},"end":{"line":2,"column":42}},"2":{"start":{"line":4,"column":11},"end":{"line":23,"column":2}},"3":{"start":{"line":30,"column":8},"end":{"line":30,"column":28}},"4":{"start":{"line":34,"column":8},"end":{"line":34,"column":69}},"5":{"start":{"line":38,"column":8},"end":{"line":38,"column":48}},"6":{"start":{"line":42,"column":8},"end":{"line":42,"column":31}},"7":{"start":{"line":46,"column":21},"end":{"line":46,"column":42}},"8":{"start":{"line":48,"column":8},"end":{"line":50,"column":9}},"9":{"start":{"line":49,"column":12},"end":{"line":49,"column":24}},"10":{"start":{"line":52,"column":8},"end":{"line":52,"column":27}},"11":{"start":{"line":53,"column":8},"end":{"line":53,"column":33}},"12":{"start":{"line":54,"column":8},"end":{"line":54,"column":25}},"13":{"start":{"line":56,"column":8},"end":{"line":56,"column":39}},"14":{"start":{"line":58,"column":8},"end":{"line":58,"column":20}},"15":{"start":{"line":62,"column":8},"end":{"line":64,"column":39}},"16":{"start":{"line":69,"column":18},"end":{"line":69,"column":33}},"17":{"start":{"line":70,"column":0},"end":{"line":70,"column":20}},"18":{"start":{"line":72,"column":0},"end":{"line":72,"column":27}}},"fnMap":{"0":{"name":"(anonymous_0)","decl":{"start":{"line":27,"column":4},"end":{"line":27,"column":5}},"loc":{"start":{"line":27,"column":18},"end":{"line":27,"column":20}},"line":27},"1":{"name":"(anonymous_1)","decl":{"start":{"line":29,"column":4},"end":{"line":29,"column":5}},"loc":{"start":{"line":29,"column":24},"end":{"line":31,"column":5}},"line":29},"2":{"name":"(anonymous_2)","decl":{"start":{"line":33,"column":4},"end":{"line":33,"column":5}},"loc":{"start":{"line":33,"column":57},"end":{"line":35,"column":5}},"line":33},"3":{"name":"(anonymous_3)","decl":{"start":{"line":37,"column":4},"end":{"line":37,"column":5}},"loc":{"start":{"line":37,"column":32},"end":{"line":39,"column":5}},"line":37},"4":{"name":"(anonymous_4)","decl":{"start":{"line":41,"column":4},"end":{"line":41,"column":5}},"loc":{"start":{"line":41,"column":26},"end":{"line":43,"column":5}},"line":41},"5":{"name":"(anonymous_5)","decl":{"start":{"line":45,"column":4},"end":{"line":45,"column":5}},"loc":{"start":{"line":45,"column":61},"end":{"line":59,"column":5}},"line":45},"6":{"name":"(anonymous_6)","decl":{"start":{"line":61,"column":4},"end":{"line":61,"column":5}},"loc":{"start":{"line":61,"column":38},"end":{"line":65,"column":5}},"line":61}},"branchMap":{"0":{"loc":{"start":{"line":48,"column":8},"end":{"line":50,"column":9}},"type":"if","locations":[{"start":{"line":48,"column":8},"end":{"line":50,"column":9}},{"start":{},"end":{}}],"line":48}},"s":{"0":1,"1":1,"2":1,"3":0,"4":1,"5":2,"6":3,"7":1,"8":1,"9":0,"10":1,"11":1,"12":1,"13":1,"14":1,"15":1,"16":1,"17":1,"18":1},"f":{"0":1,"1":0,"2":1,"3":2,"4":3,"5":1,"6":1},"b":{"0":[0,1]},"_coverageSchema":"1a1c01bbd47fc00a2c39e90264f33305004495a9","hash":"a7982afa5c18fe2dfe83bce66be8c14bb880547e"}
}
