TN:
SF:src\config\auth.js
FNF:0
FNH:0
DA:1,1
DA:3,1
LF:2
LH:2
BRDA:5,0,0,1
BRDA:5,0,1,1
BRDA:6,1,0,1
BRDA:6,1,1,1
BRF:4
BRH:4
end_of_record
TN:
SF:src\controllers\user.js
FN:8,(anonymous_0)
FN:11,(anonymous_1)
FN:21,(anonymous_2)
FN:22,(anonymous_3)
FN:31,(anonymous_4)
FN:66,(anonymous_5)
FN:93,(anonymous_6)
FN:103,(anonymous_7)
FN:140,(anonymous_8)
FNF:9
FNH:6
FNDA:1,(anonymous_0)
FNDA:3,(anonymous_1)
FNDA:0,(anonymous_2)
FNDA:0,(anonymous_3)
FNDA:1,(anonymous_4)
FNDA:0,(anonymous_5)
FNDA:1,(anonymous_6)
FNDA:1,(anonymous_7)
FNDA:1,(anonymous_8)
DA:1,1
DA:2,1
DA:3,1
DA:4,1
DA:5,1
DA:12,3
DA:14,3
DA:22,0
DA:24,0
DA:25,0
DA:28,0
DA:32,1
DA:33,0
DA:36,1
DA:37,0
DA:40,1
DA:41,0
DA:44,1
DA:45,0
DA:48,1
DA:49,0
DA:52,1
DA:53,1
DA:54,0
DA:57,1
DA:59,1
DA:61,1
DA:63,1
DA:67,0
DA:68,0
DA:71,0
DA:72,0
DA:73,0
DA:76,0
DA:77,0
DA:78,0
DA:81,0
DA:87,0
DA:94,1
DA:96,1
DA:97,0
DA:100,1
DA:104,1
DA:105,0
DA:108,1
DA:109,0
DA:112,1
DA:113,0
DA:116,1
DA:117,0
DA:120,1
DA:121,0
DA:124,1
DA:125,1
DA:126,0
DA:129,1
DA:130,1
DA:131,0
DA:134,1
DA:135,1
DA:137,1
DA:142,1
DA:143,0
DA:147,1
DA:148,0
DA:151,1
DA:152,1
DA:153,0
DA:156,1
DA:160,1
LF:70
LH:39
BRDA:12,0,0,3
BRDA:12,0,1,0
BRDA:24,1,0,0
BRDA:24,1,1,0
BRDA:32,2,0,0
BRDA:32,2,1,1
BRDA:36,3,0,0
BRDA:36,3,1,1
BRDA:40,4,0,0
BRDA:40,4,1,1
BRDA:44,5,0,0
BRDA:44,5,1,1
BRDA:48,6,0,0
BRDA:48,6,1,1
BRDA:48,7,0,1
BRDA:48,7,1,1
BRDA:53,8,0,0
BRDA:53,8,1,1
BRDA:67,9,0,0
BRDA:67,9,1,0
BRDA:67,10,0,0
BRDA:67,10,1,0
BRDA:72,11,0,0
BRDA:72,11,1,0
BRDA:77,12,0,0
BRDA:77,12,1,0
BRDA:96,13,0,0
BRDA:96,13,1,1
BRDA:104,14,0,0
BRDA:104,14,1,1
BRDA:108,15,0,0
BRDA:108,15,1,1
BRDA:112,16,0,0
BRDA:112,16,1,1
BRDA:116,17,0,0
BRDA:116,17,1,1
BRDA:120,18,0,0
BRDA:120,18,1,1
BRDA:120,19,0,1
BRDA:120,19,1,1
BRDA:125,20,0,0
BRDA:125,20,1,1
BRDA:130,21,0,0
BRDA:130,21,1,1
BRDA:130,22,0,1
BRDA:130,22,1,0
BRDA:142,23,0,0
BRDA:142,23,1,1
BRDA:147,24,0,0
BRDA:147,24,1,1
BRDA:152,25,0,0
BRDA:152,25,1,1
BRF:52
BRH:23
end_of_record
TN:
SF:src\errors\HttpError.js
FN:2,(anonymous_0)
FNF:1
FNH:0
FNDA:0,(anonymous_0)
DA:3,0
DA:4,0
DA:8,1
LF:3
LH:1
BRF:0
BRH:0
end_of_record
TN:
SF:src\models\database.js
FNF:0
FNH:0
DA:1,1
DA:3,1
DA:5,1
DA:16,1
LF:4
LH:4
BRF:0
BRH:0
end_of_record
TN:
SF:src\models\user.js
FN:27,(anonymous_0)
FN:29,(anonymous_1)
FN:33,(anonymous_2)
FN:37,(anonymous_3)
FN:41,(anonymous_4)
FN:45,(anonymous_5)
FN:61,(anonymous_6)
FNF:7
FNH:6
FNDA:1,(anonymous_0)
FNDA:0,(anonymous_1)
FNDA:1,(anonymous_2)
FNDA:2,(anonymous_3)
FNDA:3,(anonymous_4)
FNDA:1,(anonymous_5)
FNDA:1,(anonymous_6)
DA:1,1
DA:2,1
DA:4,1
DA:30,0
DA:34,1
DA:38,2
DA:42,3
DA:46,1
DA:48,1
DA:49,0
DA:52,1
DA:53,1
DA:54,1
DA:56,1
DA:58,1
DA:62,1
DA:69,1
DA:70,1
DA:72,1
LF:19
LH:17
BRDA:48,0,0,0
BRDA:48,0,1,1
BRF:2
BRH:1
end_of_record
